Обработано: ad
Обработано: ad
Обработано: ad
Обработано: ad
Обработано: ad
Обработано: 
Обработано: 
Обработано: 
Обработано: ad
Обработано: $FIO
Обработано: $FIO
Обработано: $FIO
Обработано: $FIO
Обработано: $FIO
Обработано: $FIO
Обработано: 
Обработано: 
Обработано: 
Обработано: 
Обработано: 
Обработано: 
Обработано: 
Обработано: 
Обработано: 
Обработано: 
Обработано: 
Обработано: 
Обработано: 
Обработано: 
Обработано: 
Обработано: 
Обработано: 
Обработано: 
Обработано: 
Обработано: 
Обработано: 
Обработано: 
Обработано: 
Обработано: 
Обработано: 
Обработано: 
Обработано: 
Обработано: 
Обработано: Админ
Обработано: Админ
Обработано: Админ
Обработано: Админ
Обработано: Админ
Обработано: Админ
Обработано: Админ
Обработано: Админ
Обработано: Админ
Обработано: Админ
Обработано: понело
Обработано: понело
Обработано: понело
Обработано: Админ
Обработано: Админ
Обработано: Админ
Обработано: Админ
Обработано: Админ
Обработано: Админ
Обработано: Админ
Обработано: Админ
Обработано: Админ
Обработано: Админ
Обработано: Админ
Обработано: Админ
Обработано: Админ
Обработано: Админ
Обработано: Админ
Обработано: Админ
Обработано: Админ
Обработано: Админ
Обработано: Админ
Обработано: Админ
Обработано: Админ
Обработано: Админ
Обработано: Админ
Обработано: Админ
Обработано: Админ
Обработано: Админ
Обработано: Админ
Обработано: Админ
Обработано: Админ
Обработано: Админ
Обработано: Админ
Обработано: Админ
Обработано: Админ
Обработано: Админ
Обработано: Админ
Обработано: Админ
Обработано: Админ
Обработано: Админ
Обработано: Админ
Обработано: Админ
Обработано: Админ
Обработано: 
Обработано: 
Обработано: 
Обработано: 
Обработано: 
Обработано: 
Обработано: 
Обработано: Админ
Обработано: 
Обработано: 
Обработано: 
Обработано: 
Обработано: 
Обработано: 
Обработано: 
Обработано: 
Обработано: 
Обработано: 
Обработано: 
Обработано: 
Обработано: 
Обработано: 
Обработано: 
Обработано: 
Обработано: 
Обработано: Bobin
Обработано: Bobin
Обработано: Bobin
Обработано: Bobin
Обработано: Bobin
Обработано: Bobin
Обработано: Bobin
Обработано: Bobin
Обработано: Bobin
